Thu Sep 11 2025 22:35:16:22 GMT+0300 (EEST) -- BrowserStackLocal v8.9

Thu Sep 11 2025 22:35:16:78 GMT+0300 (EEST) -- Setting output as extra verbose
Thu Sep 11 2025 22:35:16:864 GMT+0300 (EEST) -- Starting configuration console on http://localhost:45454
Thu Sep 11 2025 22:35:17:920 GMT+0300 (EEST) -- [INFO] Started the BrowserStack Binary server on 45691, PID: 19806
[32mThu Sep 11 2025 22:35:18:525 GMT+0300 (EEST) -- [SUCCESS] You can now access your local server(s) in our remote browser[39m

Thu Sep 11 2025 22:35:18:972 GMT+0300 (EEST) -- Connecting to BrowserStack using WebSocket protocol...
Thu Sep 11 2025 22:35:18:972 GMT+0300 (EEST) -- Platform supports WebSocket connections.

Thu Sep 11 2025 22:35:19:74 GMT+0300 (EEST) -- Press Ctrl-C to exit


Thu Sep 11 2025 22:36:07:212 GMT+0300 (EEST) -- Request to: localhost:3000
Thu Sep 11 2025 22:36:07:213 GMT+0300 (EEST) -- Connecting to: localhost:3000
Thu Sep 11 2025 22:36:07:217 GMT+0300 (EEST) -- localhost:3000 socket connected.
Thu Sep 11 2025 22:36:07:220 GMT+0300 (EEST) -- Connected to: 127.0.0.1
Thu Sep 11 2025 22:36:07:455 GMT+0300 (EEST) -- Writing 914 bytes response from: localhost:3000
Thu Sep 11 2025 22:36:07:775 GMT+0300 (EEST) -- Writing 65536 bytes response from: localhost:3000
Thu Sep 11 2025 22:36:07:787 GMT+0300 (EEST) -- Writing 65536 bytes response from: localhost:3000
Thu Sep 11 2025 22:36:07:793 GMT+0300 (EEST) -- Writing 65536 bytes response from: localhost:3000
Thu Sep 11 2025 22:36:07:794 GMT+0300 (EEST) -- Writing 65536 bytes response from: localhost:3000
Thu Sep 11 2025 22:36:07:794 GMT+0300 (EEST) -- Writing 36180 bytes response from: localhost:3000
Thu Sep 11 2025 22:36:08:128 GMT+0300 (EEST) -- Request to: localhost:3000
Thu Sep 11 2025 22:36:08:128 GMT+0300 (EEST) -- Connecting to: localhost:3000
Thu Sep 11 2025 22:36:08:130 GMT+0300 (EEST) -- localhost:3000 socket connected.
Thu Sep 11 2025 22:36:08:131 GMT+0300 (EEST) -- Connected to: 127.0.0.1
Thu Sep 11 2025 22:36:08:673 GMT+0300 (EEST) -- Writing 17289 bytes response from: localhost:3000
Thu Sep 11 2025 22:36:09:186 GMT+0300 (EEST) -- Writing 1938 bytes response from: localhost:3000
Thu Sep 11 2025 22:36:09:788 GMT+0300 (EEST) -- Request to: localhost:3000
Thu Sep 11 2025 22:36:09:788 GMT+0300 (EEST) -- Connecting to: localhost:3000
Thu Sep 11 2025 22:36:09:789 GMT+0300 (EEST) -- localhost:3000 socket connected.
Thu Sep 11 2025 22:36:09:789 GMT+0300 (EEST) -- Connected to: 127.0.0.1
Thu Sep 11 2025 22:36:10:17 GMT+0300 (EEST) -- Writing 450 bytes response from: localhost:3000
Thu Sep 11 2025 22:42:29:283 GMT+0300 (EEST) -- Request to: localhost:3000
Thu Sep 11 2025 22:42:29:283 GMT+0300 (EEST) -- Connecting to: localhost:3000
Thu Sep 11 2025 22:42:29:284 GMT+0300 (EEST) -- localhost:3000 socket connected.
Thu Sep 11 2025 22:42:29:284 GMT+0300 (EEST) -- Connected to: 127.0.0.1
Thu Sep 11 2025 22:42:29:499 GMT+0300 (EEST) -- Writing 914 bytes response from: localhost:3000
Thu Sep 11 2025 22:42:30:164 GMT+0300 (EEST) -- Writing 65536 bytes response from: localhost:3000
Thu Sep 11 2025 22:42:30:165 GMT+0300 (EEST) -- Writing 65536 bytes response from: localhost:3000
Thu Sep 11 2025 22:42:30:166 GMT+0300 (EEST) -- Writing 65536 bytes response from: localhost:3000
Thu Sep 11 2025 22:42:30:166 GMT+0300 (EEST) -- Writing 65536 bytes response from: localhost:3000
Thu Sep 11 2025 22:42:30:166 GMT+0300 (EEST) -- Writing 36180 bytes response from: localhost:3000
Thu Sep 11 2025 22:42:30:400 GMT+0300 (EEST) -- Request to: localhost:3000
Thu Sep 11 2025 22:42:30:400 GMT+0300 (EEST) -- Connecting to: localhost:3000
Thu Sep 11 2025 22:42:30:401 GMT+0300 (EEST) -- localhost:3000 socket connected.
Thu Sep 11 2025 22:42:30:402 GMT+0300 (EEST) -- Connected to: 127.0.0.1
Thu Sep 11 2025 22:42:30:925 GMT+0300 (EEST) -- Writing 17289 bytes response from: localhost:3000
Thu Sep 11 2025 22:42:31:385 GMT+0300 (EEST) -- Writing 1938 bytes response from: localhost:3000
Thu Sep 11 2025 22:42:32:166 GMT+0300 (EEST) -- Request to: localhost:3000
Thu Sep 11 2025 22:42:32:166 GMT+0300 (EEST) -- Connecting to: localhost:3000
Thu Sep 11 2025 22:42:32:167 GMT+0300 (EEST) -- localhost:3000 socket connected.
Thu Sep 11 2025 22:42:32:168 GMT+0300 (EEST) -- Connected to: 127.0.0.1
Thu Sep 11 2025 22:42:32:429 GMT+0300 (EEST) -- Writing 450 bytes response from: localhost:3000
Thu Sep 11 2025 22:43:29:890 GMT+0300 (EEST) -- Request to: localhost:3000
Thu Sep 11 2025 22:43:29:890 GMT+0300 (EEST) -- Connecting to: localhost:3000
Thu Sep 11 2025 22:43:29:891 GMT+0300 (EEST) -- localhost:3000 socket connected.
Thu Sep 11 2025 22:43:29:892 GMT+0300 (EEST) -- Connected to: 127.0.0.1
Thu Sep 11 2025 22:43:30:144 GMT+0300 (EEST) -- Writing 914 bytes response from: localhost:3000
Thu Sep 11 2025 22:43:30:584 GMT+0300 (EEST) -- Writing 65536 bytes response from: localhost:3000
Thu Sep 11 2025 22:43:30:588 GMT+0300 (EEST) -- Writing 65536 bytes response from: localhost:3000
Thu Sep 11 2025 22:43:30:589 GMT+0300 (EEST) -- Writing 65536 bytes response from: localhost:3000
Thu Sep 11 2025 22:43:30:589 GMT+0300 (EEST) -- Writing 65536 bytes response from: localhost:3000
Thu Sep 11 2025 22:43:30:590 GMT+0300 (EEST) -- Writing 36180 bytes response from: localhost:3000
Thu Sep 11 2025 22:43:30:879 GMT+0300 (EEST) -- Request to: localhost:3000
Thu Sep 11 2025 22:43:30:879 GMT+0300 (EEST) -- Connecting to: localhost:3000
Thu Sep 11 2025 22:43:30:880 GMT+0300 (EEST) -- localhost:3000 socket connected.
Thu Sep 11 2025 22:43:30:880 GMT+0300 (EEST) -- Connected to: 127.0.0.1
Thu Sep 11 2025 22:43:31:407 GMT+0300 (EEST) -- Writing 17289 bytes response from: localhost:3000
Thu Sep 11 2025 22:43:31:958 GMT+0300 (EEST) -- Writing 1938 bytes response from: localhost:3000
Thu Sep 11 2025 22:43:32:203 GMT+0300 (EEST) -- Request to: localhost:3000
Thu Sep 11 2025 22:43:32:203 GMT+0300 (EEST) -- Connecting to: localhost:3000
Thu Sep 11 2025 22:43:32:204 GMT+0300 (EEST) -- localhost:3000 socket connected.
Thu Sep 11 2025 22:43:32:204 GMT+0300 (EEST) -- Connected to: 127.0.0.1
Thu Sep 11 2025 22:43:32:443 GMT+0300 (EEST) -- Writing 450 bytes response from: localhost:3000
Thu Sep 11 2025 22:49:11:450 GMT+0300 (EEST) -- Request to: localhost:3000
Thu Sep 11 2025 22:49:11:450 GMT+0300 (EEST) -- Connecting to: localhost:3000
Thu Sep 11 2025 22:49:11:452 GMT+0300 (EEST) -- localhost:3000 socket connected.
Thu Sep 11 2025 22:49:11:452 GMT+0300 (EEST) -- Connected to: 127.0.0.1
Thu Sep 11 2025 22:49:11:665 GMT+0300 (EEST) -- Writing 914 bytes response from: localhost:3000
Thu Sep 11 2025 22:49:11:918 GMT+0300 (EEST) -- Writing 65328 bytes response from: localhost:3000
Thu Sep 11 2025 22:49:11:918 GMT+0300 (EEST) -- Writing 65536 bytes response from: localhost:3000
Thu Sep 11 2025 22:49:11:919 GMT+0300 (EEST) -- Writing 65536 bytes response from: localhost:3000
Thu Sep 11 2025 22:49:11:919 GMT+0300 (EEST) -- Writing 65536 bytes response from: localhost:3000
Thu Sep 11 2025 22:49:11:919 GMT+0300 (EEST) -- Writing 36388 bytes response from: localhost:3000
Thu Sep 11 2025 22:49:12:175 GMT+0300 (EEST) -- Request to: localhost:3000
Thu Sep 11 2025 22:49:12:175 GMT+0300 (EEST) -- Connecting to: localhost:3000
Thu Sep 11 2025 22:49:12:176 GMT+0300 (EEST) -- localhost:3000 socket connected.
Thu Sep 11 2025 22:49:12:176 GMT+0300 (EEST) -- Connected to: 127.0.0.1
Thu Sep 11 2025 22:49:12:539 GMT+0300 (EEST) -- Writing 17289 bytes response from: localhost:3000
Thu Sep 11 2025 22:49:13:215 GMT+0300 (EEST) -- Writing 1938 bytes response from: localhost:3000
Thu Sep 11 2025 22:49:14:759 GMT+0300 (EEST) -- Request to: localhost:3000
Thu Sep 11 2025 22:49:14:759 GMT+0300 (EEST) -- Connecting to: localhost:3000
Thu Sep 11 2025 22:49:14:761 GMT+0300 (EEST) -- localhost:3000 socket connected.
Thu Sep 11 2025 22:49:14:761 GMT+0300 (EEST) -- Connected to: 127.0.0.1
Thu Sep 11 2025 22:49:15:30 GMT+0300 (EEST) -- Writing 450 bytes response from: localhost:3000
Thu Sep 11 2025 22:54:10:201 GMT+0300 (EEST) -- Request to: localhost:8080
Thu Sep 11 2025 22:54:10:201 GMT+0300 (EEST) -- Connecting to: localhost:8080
Thu Sep 11 2025 22:54:10:203 GMT+0300 (EEST) -- localhost:8080 socket connected.
Thu Sep 11 2025 22:54:10:203 GMT+0300 (EEST) -- Connected to: 127.0.0.1
Thu Sep 11 2025 22:54:10:710 GMT+0300 (EEST) -- Writing 8192 bytes response from: localhost:8080
Thu Sep 11 2025 22:54:10:711 GMT+0300 (EEST) -- Writing 1581 bytes response from: localhost:8080
Thu Sep 11 2025 22:54:10:711 GMT+0300 (EEST) -- Writing 5 bytes response from: localhost:8080
Thu Sep 11 2025 22:54:12:221 GMT+0300 (EEST) -- Writing 213 bytes response from: localhost:8080
Thu Sep 11 2025 22:54:12:222 GMT+0300 (EEST) -- Writing 7 bytes response from: localhost:8080
Thu Sep 11 2025 22:54:12:439 GMT+0300 (EEST) -- Request to: localhost:8080
Thu Sep 11 2025 22:54:12:440 GMT+0300 (EEST) -- Connecting to: localhost:8080
Thu Sep 11 2025 22:54:12:441 GMT+0300 (EEST) -- localhost:8080 socket connected.
Thu Sep 11 2025 22:54:12:441 GMT+0300 (EEST) -- Connected to: 127.0.0.1
Thu Sep 11 2025 22:54:12:498 GMT+0300 (EEST) -- Request to: localhost:8080
Thu Sep 11 2025 22:54:12:498 GMT+0300 (EEST) -- Connecting to: localhost:8080
Thu Sep 11 2025 22:54:12:499 GMT+0300 (EEST) -- localhost:8080 socket connected.
Thu Sep 11 2025 22:54:12:499 GMT+0300 (EEST) -- Connected to: 127.0.0.1
Thu Sep 11 2025 22:54:12:683 GMT+0300 (EEST) -- Writing 190 bytes response from: localhost:8080
Thu Sep 11 2025 22:54:12:684 GMT+0300 (EEST) -- Writing 9114 bytes response from: localhost:8080
Thu Sep 11 2025 22:54:12:757 GMT+0300 (EEST) -- Writing 357 bytes response from: localhost:8080
Thu Sep 11 2025 22:54:12:758 GMT+0300 (EEST) -- Writing 5 bytes response from: localhost:8080
Thu Sep 11 2025 22:54:12:836 GMT+0300 (EEST) -- Request to: localhost:8080
Thu Sep 11 2025 22:54:12:836 GMT+0300 (EEST) -- Connecting to: localhost:8080
Thu Sep 11 2025 22:54:12:837 GMT+0300 (EEST) -- localhost:8080 socket connected.
Thu Sep 11 2025 22:54:12:837 GMT+0300 (EEST) -- Connected to: 127.0.0.1
Thu Sep 11 2025 22:54:13:99 GMT+0300 (EEST) -- Writing 166 bytes response from: localhost:8080
